<?xml version="1.0" encoding="UTF-8"?>
<!-- Generated by org.testng.reporters.JUnitReportReporter -->
<testsuite hostname="DESKTOP-29610L1" failures="0" tests="1" name="testCases.TC001_RegistraionTest" time="4.263" errors="0" timestamp="2025-04-23T14:17:37 IST" skipped="0">
  <testcase classname="testCases.TC001_RegistraionTest" name="Verify_registration" time="4.263"/>
</testsuite> <!-- testCases.TC001_RegistraionTest -->
