<?xml version="1.0" encoding="UTF-8"?>
<!-- Generated by org.testng.reporters.JUnitReportReporter -->
<testsuite hostname="DESKTOP-29610L1" failures="0" tests="1" name="testCases.TC_002_LoginTest" time="2.666" errors="0" timestamp="2025-04-23T14:17:37 IST" skipped="0">
  <testcase classname="testCases.TC_002_LoginTest" name="verify_Login" time="2.666"/>
</testsuite> <!-- testCases.TC_002_LoginTest -->
